2024-08-28 09:07:18,416 (75aaa0c0f808) :  INFO (core:349) - Starting framework core - Version: 2.6.3, Build: e5987a1 (Tue Aug 20 13:41:56 UTC 2024)
2024-08-28 09:07:18,417 (75aaa0c0f808) :  DEBUG (core:361) - Using the elevated policy
2024-08-28 09:07:18,417 (75aaa0c0f808) :  DEBUG (core:365) - Extending whitelist: ['cgi', 'tempfile']
2024-08-28 09:07:18,417 (75aaa0c0f808) :  DEBUG (core:450) - Starting runtime component.
2024-08-28 09:07:18,426 (75aaa0c0f808) :  DEBUG (core:450) - Starting caching component.
2024-08-28 09:07:18,426 (75aaa0c0f808) :  DEBUG (core:450) - Starting data component.
2024-08-28 09:07:18,426 (75aaa0c0f808) :  DEBUG (core:450) - Starting networking component.
2024-08-28 09:07:18,428 (75aaa0c0f808) :  DEBUG (networking:262) - Loaded HTTP cookies
2024-08-28 09:07:18,428 (75aaa0c0f808) :  DEBUG (networking:434) - Setting the default network timeout to 20.0
2024-08-28 09:07:18,429 (75aaa0c0f808) :  DEBUG (core:450) - Starting localization component.
2024-08-28 09:07:18,429 (75aaa0c0f808) :  INFO (localization:409) - Setting the default locale to en-us
2024-08-28 09:07:18,431 (75aaa0c0f808) :  WARNING (data:179) - Error decoding with simplejson, using demjson instead (this will cause a performance hit) - Expecting property name enclosed in double quotes: line 26 column 1 (char 1078)
2024-08-28 09:07:18,435 (75aaa0c0f808) :  DEBUG (localization:427) - Loaded en strings
2024-08-28 09:07:18,435 (75aaa0c0f808) :  DEBUG (core:450) - Starting messaging component.
2024-08-28 09:07:18,435 (75aaa0c0f808) :  DEBUG (core:450) - Starting debugging component.
2024-08-28 09:07:18,435 (75aaa0c0f808) :  DEBUG (core:450) - Starting services component.
2024-08-28 09:07:18,436 (75aaa0c0f808) :  DEBUG (core:450) - Starting myplex component.
2024-08-28 09:07:18,436 (75aaa0c0f808) :  DEBUG (core:450) - Starting notifications component.
2024-08-28 09:07:18,892 (75aaa0c0f808) :  DEBUG (accessor:68) - Creating a new model access point for provider com.plexapp.system in namespace 'metadata'
2024-08-28 09:07:18,936 (75aa9d667b38) :  DEBUG (services:265) - Plug-in is not daemonized - loading services from system
2024-08-28 09:07:18,937 (75aa9d667b38) :  DEBUG (networking:144) - Requesting 'http://127.0.0.1:32400/:/plugins/com.plexapp.system/messaging/function/X0J1bmRsZVNlcnZpY2U6QWxsU2VydmljZXM_/Y2VyZWFsMQoxCmxpc3QKMApyMAo_/Y2VyZWFsMQoxCmRpY3QKMApyMAo_'
2024-08-28 09:07:18,939 (75aaa0c0f808) :  DEBUG (runtime:1117) - Created a thread named 'load_all_services'
2024-08-28 09:07:18,940 (75aaa0c0f808) :  DEBUG (runtime:1117) - Created a thread named 'get_server_info'
2024-08-28 09:07:18,946 (75aaa0c0f808) :  DEBUG (core:150) - Finished starting framework core
2024-08-28 09:07:18,950 (75aaa0c0f808) :  DEBUG (core:560) - Loading plug-in code
2024-08-28 09:07:18,946 (75aa9d667b38) :  ERROR (networking:197) - Error opening URL 'http://127.0.0.1:32400/:/plugins/com.plexapp.system/messaging/function/X0J1bmRsZVNlcnZpY2U6QWxsU2VydmljZXM_/Y2VyZWFsMQoxCmxpc3QKMApyMAo_/Y2VyZWFsMQoxCmRpY3QKMApyMAo_'
2024-08-28 09:07:19,063 (75aa9d667b38) :  ERROR (services:272) - Unable to load services from system. Loading from the current bundle only.
2024-08-28 09:07:19,064 (75aa9d667b38) :  DEBUG (services:362) - Loaded services
2024-08-28 09:07:19,048 (75aa9d5d9b38) :  DEBUG (networking:144) - Requesting 'http://127.0.0.1:32400'
2024-08-28 09:07:19,093 (75aa9d604b38) :  DEBUG (services:438) - No shared code to load
2024-08-28 09:07:19,106 (75aa9d5d9b38) :  ERROR (networking:197) - Error opening URL 'http://127.0.0.1:32400'
2024-08-28 09:07:19,110 (75aa9d5d9b38) :  WARNING (core:541) - Unable to retrieve the machine identifier or server version.
2024-08-28 09:07:19,147 (75aaa0c0f808) :  DEBUG (core:566) - Finished loading plug-in code
2024-08-28 09:07:19,153 (75aaa0c0f808) :  DEBUG (runtime:640) - Adding a prefix handler for 'System' ('/system')
2024-08-28 09:07:21,642 (75aaa0c0f808) :  INFO (__init__:35) - Starting System e5987a1 (Tue Aug 20 13:41:56 UTC 2024)
2024-08-28 09:07:21,642 (75aaa0c0f808) :  DEBUG (runtime:640) - Adding a prefix handler for 'Player' ('/player')
2024-08-28 09:07:21,657 (75aaa0c0f808) :  INFO (datakit:93) - Loaded the dictionary file
2024-08-28 09:07:21,658 (75aaa0c0f808) :  DEBUG (agentservice:52) - Starting the agent service
2024-08-28 09:07:22,034 (75aaa0c0f808) :  DEBUG (accessor:68) - Creating a new model access point for provider com.plexapp.system in namespace 'metadata'
2024-08-28 09:07:22,059 (75aaa0c0f808) :  DEBUG (bundleservice:65) - Starting the bundle service
2024-08-28 09:07:22,086 (75aa9d458b38) :  DEBUG (runtime:1117) - Created a thread named 'ensure_agent_info_exists_inner'
2024-08-28 09:07:22,089 (75aaa0c0f808) :  DEBUG (runtime:1117) - Created a thread named 'start'
2024-08-28 09:07:22,089 (75aaa0c0f808) :  DEBUG (playerservice:12) - Starting the player service
2024-08-28 09:07:22,090 (75aaa0c0f808) :  DEBUG (flagservice:13) - Starting the media flag service
2024-08-28 09:07:22,097 (75aaa0c0f808) :  DEBUG (runtime:1117) - Created a thread named 'start'
2024-08-28 09:07:22,100 (75aaa0c0f808) :  DEBUG (peerservice:141) - Starting the peer service
2024-08-28 09:07:22,110 (75aaa0c0f808) :  DEBUG (runtime:1117) - Created a thread named 'refresh_servers'
2024-08-28 09:07:22,110 (75aa9d412b38) :  DEBUG (peerservice:164) - Fetching the current list of servers
2024-08-28 09:07:22,110 (75aa9d412b38) :  DEBUG (networking:144) - Requesting 'http://127.0.0.1:32400/servers'
2024-08-28 09:07:22,112 (75aa9d458b38) :  DEBUG (runtime:1117) - Created a thread named 'ensure_agent_info_exists_inner'
2024-08-28 09:07:22,114 (75aa9d458b38) :  DEBUG (runtime:1117) - Created a thread named 'ensure_agent_info_exists_inner'
2024-08-28 09:07:22,119 (75aa9d458b38) :  DEBUG (runtime:1117) - Created a thread named 'ensure_agent_info_exists_inner'
2024-08-28 09:07:22,121 (75aa9d458b38) :  DEBUG (runtime:1117) - Created a thread named 'ensure_agent_info_exists_inner'
2024-08-28 09:07:22,122 (75aaa0c0f808) :  DEBUG (runtime:1150) - Scheduled a timed thread named 'refresh_servers'
2024-08-28 09:07:22,122 (75aaa0c0f808) :  DEBUG (streamservice:18) - Starting the stream service
2024-08-28 09:07:22,122 (75aaa0c0f808) :  CRITICAL (runtime:709) - Private handlers are no longer supported; couldn't register <bound method StreamService.token_handler of <streamservice.StreamService object at 0x75aa9cfaa5d0>>
2024-08-28 09:07:22,123 (75aa9d412b38) :  ERROR (networking:197) - Error opening URL 'http://127.0.0.1:32400/servers'
2024-08-28 09:07:22,125 (75aa9d458b38) :  DEBUG (runtime:1117) - Created a thread named 'ensure_agent_info_exists_inner'
2024-08-28 09:07:22,133 (75aa9d458b38) :  DEBUG (runtime:1117) - Created a thread named 'ensure_agent_info_exists_inner'
2024-08-28 09:07:22,140 (75aa9d458b38) :  DEBUG (runtime:1117) - Created a thread named 'ensure_agent_info_exists_inner'
2024-08-28 09:07:22,144 (75aaa0c0f808) :  DEBUG (runtime:1150) - Scheduled a timed thread named 'invalidation_timer'
2024-08-28 09:07:22,157 (75aa9d458b38) :  DEBUG (runtime:1117) - Created a thread named 'ensure_agent_info_exists_inner'
2024-08-28 09:07:22,158 (75aa9d458b38) :  INFO (bundleservice:131) - Found duplicate identifier at /usr/lib/plexmediaserver/Resources/Plug-ins-e5987a19d/TheTVDBv4.bundle for bundled plugin (com.plexapp.agents.thetvdb), ignoring duplicate plugin.
2024-08-28 09:07:22,160 (75aaa0c0f808) :  DEBUG (proxyservice:12) - Starting the proxy service
2024-08-28 09:07:22,165 (75aa9d458b38) :  DEBUG (runtime:1117) - Created a thread named 'ensure_agent_info_exists_inner'
2024-08-28 09:07:22,166 (75aa9d458b38) :  DEBUG (runtime:1117) - Created a thread named 'ensure_agent_info_exists_inner'
2024-08-28 09:07:22,174 (75aaa0c0f808) :  DEBUG (runtime:1117) - Created a thread named 'update_attribution_flags_inner'
2024-08-28 09:07:22,174 (75aaa0c0f808) :  INFO (core:611) - Started plug-in
2024-08-28 09:07:22,174 (75aaa0c0f808) :  DEBUG (socketinterface:160) - Starting socket server
2024-08-28 09:07:22,176 (75aa9d458b38) :  DEBUG (runtime:1117) - Created a thread named 'ensure_agent_info_exists_inner'
2024-08-28 09:07:22,177 (75aa9d412b38) :  CRITICAL (runtime:1128) - Exception in thread named 'refresh_servers' (most recent call last):
  File "/usr/lib/plexmediaserver/Resources/Plug-ins-e5987a19d/Framework.bundle/Contents/Resources/Versions/2/Python/Framework/components/runtime.py", line 1126, in _start_thread
    f(*args, **kwargs)
  File "/usr/lib/plexmediaserver/Resources/Plug-ins-e5987a19d/System.bundle/Contents/Code/peerservice.py", line 169, in refresh_servers
    servers_el = self.get_servers_el()
  File "/usr/lib/plexmediaserver/Resources/Plug-ins-e5987a19d/System.bundle/Contents/Code/peerservice.py", line 165, in get_servers_el
    return XML.ElementFromURL('http://127.0.0.1:32400/servers', cacheTime = 0)
  File "/usr/lib/plexmediaserver/Resources/Plug-ins-e5987a19d/Framework.bundle/Contents/Resources/Versions/2/Python/Framework/api/parsekit.py", line 344, in ElementFromURL
    method=method,
  File "/usr/lib/plexmediaserver/Resources/Plug-ins-e5987a19d/Framework.bundle/Contents/Resources/Versions/2/Python/Framework/api/networkkit.py", line 67, in _http_request
    req = self._core.networking.http_request(url, *args, **kwargs)
  File "/usr/lib/plexmediaserver/Resources/Plug-ins-e5987a19d/Framework.bundle/Contents/Resources/Versions/2/Python/Framework/components/networking.py", line 352, in http_request
    return HTTPRequest(self._core, url, data, h, url_cache, encoding, errors, timeout, immediate, sleep, opener, follow_redirects, method)
  File "/usr/lib/plexmediaserver/Resources/Plug-ins-e5987a19d/Framework.bundle/Contents/Resources/Versions/2/Python/Framework/components/networking.py", line 119, in __init__
    self.load()
  File "/usr/lib/plexmediaserver/Resources/Plug-ins-e5987a19d/Framework.bundle/Contents/Resources/Versions/2/Python/Framework/components/networking.py", line 159, in load
    f = self._opener.open(req, timeout=self._timeout)
  File "/usr/lib/plexmediaserver/Resources/Python/python27.zip/urllib2.py", line 435, in open
    response = meth(req, response)
  File "/usr/lib/plexmediaserver/Resources/Python/python27.zip/urllib2.py", line 548, in http_response
    'http', request, response, code, msg, hdrs)
  File "/usr/lib/plexmediaserver/Resources/Python/python27.zip/urllib2.py", line 473, in error
    return self._call_chain(*args)
  File "/usr/lib/plexmediaserver/Resources/Python/python27.zip/urllib2.py", line 407, in _call_chain
    result = func(*args)
  File "/usr/lib/plexmediaserver/Resources/Python/python27.zip/urllib2.py", line 556, in http_error_default
    raise HTTPError(req.get_full_url(), code, msg, hdrs, fp)
HTTPError: HTTP Error 503: Service Unavailable

2024-08-28 09:07:22,177 (75aaa0c0f808) :  DEBUG (runtime:1117) - Created a thread named 'start'
2024-08-28 09:07:22,183 (75aaa0c0f808) :  INFO (socketinterface:184) - Socket server started on port 33965
2024-08-28 09:07:22,183 (75aaa0c0f808) :  INFO (pipeinterface:25) - Entering run loop
2024-08-28 09:07:22,183 (75aaa0c0f808) :  DEBUG (runtime:717) - Handling request GET /:/prefixes
2024-08-28 09:07:22,185 (75aaa0c0f808) :  DEBUG (runtime:814) - Found route matching /:/prefixes
2024-08-28 09:07:22,186 (75aaa0c0f808) :  DEBUG (runtime:924) - Response: [200] MediaContainer, 486 bytes
2024-08-28 09:07:22,187 (75aa9d458b38) :  DEBUG (runtime:1117) - Created a thread named 'ensure_agent_info_exists_inner'
2024-08-28 09:07:22,197 (75aa9d458b38) :  DEBUG (runtime:1117) - Created a thread named 'remove_unavailable_agents'
2024-08-28 09:07:22,197 (75aa9d458b38) :  DEBUG (bundleservice:81) - Started the bundle service
2024-08-28 09:07:22,201 (75aa9cde7b38) :  INFO (agentservice:129) - Agent info: {'com.plexapp.agents.fanarttv': [{'media_types': ['Movie'], 'accepts_from': None, 'fallback_agent': None, 'contributes_to': ['com.plexapp.agents.imdb', 'com.plexapp.agents.themoviedb'], 'has_attribution': True, 'languages': ['xn'], 'persist_stored_files': True, 'version': 0, 'primary_provider': False, 'prefs': True, 'name': 'Fanart.tv'}, {'media_types': ['TV_Show'], 'accepts_from': None, 'fallback_agent': None, 'contributes_to': ['com.plexapp.agents.thetvdb', 'com.plexapp.agents.themoviedb'], 'has_attribution': True, 'languages': ['xn'], 'persist_stored_files': True, 'version': 0, 'primary_provider': False, 'prefs': True, 'name': 'Fanart.tv'}, {'media_types': ['Artist'], 'accepts_from': None, 'fallback_agent': None, 'contributes_to': ['com.plexapp.agents.lastfm'], 'has_attribution': True, 'languages': ['xn'], 'persist_stored_files': True, 'version': 0, 'primary_provider': False, 'prefs': True, 'name': 'Fanart.tv'}, {'media_types': ['Album'], 'accepts_from': None, 'fallback_agent': None, 'contributes_to': ['com.plexapp.agents.lastfm'], 'has_attribution': True, 'languages': ['xn'], 'persist_stored_files': True, 'version': 0, 'primary_provider': False, 'prefs': True, 'name': 'Fanart.tv'}], 'com.plexapp.agents.none': [{'media_types': ['Movie'], 'accepts_from': None, 'fallback_agent': None, 'contributes_to': None, 'has_attribution': False, 'languages': ['xn'], 'persist_stored_files': True, 'version': 0, 'primary_provider': True, 'prefs': False, 'name': 'Personal Media'}, {'media_types': ['TV_Show'], 'accepts_from': None, 'fallback_agent': None, 'contributes_to': None, 'has_attribution': False, 'languages': ['xn'], 'persist_stored_files': True, 'version': 0, 'primary_provider': True, 'prefs': False, 'name': 'Personal Media Shows'}, {'media_types': ['Artist'], 'accepts_from': None, 'fallback_agent': None, 'contributes_to': None, 'has_attribution': False, 'languages': ['xn'], 'persist_stored_files': True, 'version': 0, 'primary_provider': True, 'prefs': False, 'name': 'Personal Media Artists'}, {'media_types': ['Album'], 'accepts_from': None, 'fallback_agent': None, 'contributes_to': None, 'has_attribution': False, 'languages': ['xn'], 'persist_stored_files': True, 'version': 0, 'primary_provider': True, 'prefs': False, 'name': 'Personal Media Albums'}, {'media_types': ['Photo'], 'accepts_from': None, 'fallback_agent': None, 'contributes_to': None, 'has_attribution': False, 'languages': ['en', 'ar', 'bg', 'ca', 'cs', 'cy', 'da', 'de', 'el', 'es', 'et', 'fa', 'fi', 'fr', 'he', 'hi', 'hr', 'ht', 'hu', 'id', 'it', 'ja', 'ko', 'lt', 'lv', 'ms', 'mt', 'nl', 'no', 'pl', 'pt', 'ro', 'ru', 'sk', 'sv', 'sl', 'sr', 'th', 'tr', 'uk', 'ur', 'vi', 'zh', 'xn'], 'persist_stored_files': True, 'version': 0, 'primary_provider': True, 'prefs': False, 'name': 'Photos'}], 'com.plexapp.agents.htbackdrops': [{'media_types': ['Artist'], 'accepts_from': None, 'fallback_agent': None, 'contributes_to': ['com.plexapp.agents.lastfm'], 'has_attribution': True, 'languages': ['ab', 'aa', 'af', 'ak', 'sq', 'am', 'ar', 'an', 'hy', 'as', 'av', 'ae', 'ay', 'az', 'bm', 'ba', 'eu', 'be', 'bn', 'bh', 'bi', 'bs', 'pb', 'br', 'bg', 'my', 'ca', 'ch', 'ce', 'ny', 'zh', 'cu', 'cv', 'kw', 'co', 'cr', 'hr', 'cs', 'da', 'dv', 'nl', 'dz', 'en', 'eo', 'et', 'ee', 'fo', 'fj', 'fi', 'fr', 'fy', 'ff', 'gd', 'gl', 'lg', 'ka', 'de', 'el', 'gn', 'gu', 'ht', 'ha', 'he', 'hz', 'hi', 'ho', 'hu', 'is', 'io', 'ig', 'id', 'ia', 'ie', 'iu', 'ik', 'ga', 'it', 'ja', 'jv', 'kl', 'kn', 'kr', 'ks', 'kk', 'km', 'ki', 'rw', 'ky', 'kv', 'kg', 'ko', 'kj', 'ku', 'lo', 'la', 'lv', 'li', 'ln', 'lt', 'lu', 'lb', 'mk', 'mg', 'ms', 'ml', 'mt', 'gv', 'mi', 'mr', 'mh', 'mo', 'mn', 'na', 'nv', 'ng', 'ne', 'xn', 'nd', 'no', 'nb', 'nn', 'oc', 'oj', 'or', 'om', 'os', 'pi', 'pa', 'fa', 'pl', 'pt', 'ps', 'qu', 'rm', 'ro', 'rn', 'ru', 'se', 'sm', 'sg', 'sa', 'sc', 'sr', 'sn', 'ii', 'sd', 'si', 'sk', 'sl', 'so', 'st', 'nr', 'es', 'su', 'sw', 'ss', 'sv', 'tl', 'ty', 'tg', 'ta', 'tt', 'te', 'th', 'bo', 'ti', 'to', 'ts', 'tn', 'tr', 'tk', 'tw', 'ug', 'uk', 'ur', 'uz', 've', 'vi', 'vo', 'wa', 'cy', 'wo', 'xh', 'yi', 'yo', 'za', 'zu'], 'persist_stored_files': True, 'version': 0, 'primary_provider': False, 'prefs': False, 'name': 'Home Theater Backdrops'}], 'com.plexapp.agents.imdb': [{'media_types': ['Movie'], 'accepts_from': ['com.plexapp.agents.localmedia'], 'fallback_agent': None, 'contributes_to': ['com.plexapp.agents.themoviedb'], 'has_attribution': True, 'languages': ['en', 'sv', 'fr', 'es', 'nl', 'de', 'it', 'da', 'ar', 'ca', 'zh', 'cs', 'et', 'fi', 'el', 'he', 'hi', 'hu', 'id', 'ja', 'ko', 'lv', 'no', 'fa', 'pl', 'pt', 'ro', 'ru', 'sk', 'th', 'tr', 'uk', 'vi'], 'persist_stored_files': True, 'version': 0, 'primary_provider': True, 'prefs': True, 'name': 'Plex Movie (Legacy)'}], 'com.plexapp.agents.lyricfind': [{'media_types': ['Album'], 'accepts_from': None, 'fallback_agent': None, 'contributes_to': ['com.plexapp.agents.lastfm', 'tv.plex.agents.music', 'org.musicbrainz.agents.music'], 'has_attribution': True, 'languages': ['xn'], 'persist_stored_files': True, 'version': 0, 'primary_provider': False, 'prefs': False, 'name': 'LyricFind'}], 'com.plexapp.agents.thetvdb': [{'media_types': ['TV_Show'], 'accepts_from': None, 'fallback_agent': None, 'contributes_to': None, 'has_attribution': True, 'languages': ['en', 'fr', 'zh', 'sv', 'no', 'da', 'fi', 'nl', 'de', 'it', 'es', 'pl', 'hu', 'el', 'tr', 'ru', 'he', 'ja', 'pt', 'cs', 'ko', 'sl', 'hr'], 'persist_stored_files': True, 'version': 0, 'primary_provider': True, 'prefs': True, 'name': 'TheTVDB'}], 'com.plexapp.agents.lastfm': [{'media_types': ['Artist'], 'accepts_from': None, 'fallback_agent': None, 'contributes_to': None, 'has_attribution': True, 'languages': ['en', 'sv', 'fr', 'es', 'de', 'pl', 'it', 'pt', 'ja', 'tr', 'ru', 'zh'], 'persist_stored_files': True, 'version': 0, 'primary_provider': True, 'prefs': True, 'name': 'Last.fm'}, {'media_types': ['Album'], 'accepts_from': None, 'fallback_agent': None, 'contributes_to': None, 'has_attribution': True, 'languages': ['en', 'sv', 'fr', 'es', 'de', 'pl', 'it', 'pt', 'ja', 'tr', 'ru', 'zh'], 'persist_stored_files': True, 'version': 0, 'primary_provider': True, 'prefs': True, 'name': 'Last.fm'}], 'org.musicbrainz.agents.music': [{'media_types': ['Artist'], 'accepts_from': None, 'fallback_agent': None, 'contributes_to': None, 'has_attribution': True, 'languages': ['en', 'ar', 'bg', 'zh', 'hr', 'cs', 'da', 'nl', 'fi', 'fr', 'de', 'el', 'hu', 'id', 'it', 'ja', 'ko', 'nn', 'pl', 'pt', 'ro', 'ru', 'sr', 'sk', 'es', 'sv', 'th', 'tr', 'vi', 'xx'], 'persist_stored_files': True, 'version': 0, 'primary_provider': True, 'prefs': True, 'name': 'Musicbrainz'}, {'media_types': ['Album'], 'accepts_from': None, 'fallback_agent': None, 'contributes_to': None, 'has_attribution': True, 'languages': ['en', 'ar', 'bg', 'zh', 'hr', 'cs', 'da', 'nl', 'fi', 'fr', 'de', 'el', 'hu', 'id', 'it', 'ja', 'ko', 'nn', 'pl', 'pt', 'ro', 'ru', 'sr', 'sk', 'es', 'sv', 'th', 'tr', 'vi', 'xx'], 'persist_stored_files': True, 'version': 0, 'primary_provider': True, 'prefs': True, 'name': 'Musicbrainz'}], 'com.plexapp.agents.themoviedb': [{'media_types': ['Movie'], 'accepts_from': ['com.plexapp.agents.localmedia'], 'fallback_agent': None, 'contributes_to': None, 'has_attribution': True, 'languages': ['en', 'cs', 'da', 'de', 'el', 'es', 'fi', 'fr', 'he', 'hr', 'hu', 'it', 'lv', 'lt', 'nl', 'no', 'pl', 'pt', 'ru', 'sk', 'sv', 'th', 'tr', 'vi', 'zh', 'ko'], 'persist_stored_files': True, 'version': 0, 'primary_provider': True, 'prefs': True, 'name': 'The Movie Database'}, {'media_types': ['TV_Show'], 'accepts_from': ['com.plexapp.agents.localmedia', 'com.plexapp.agents.thetvdb'], 'fallback_agent': None, 'contributes_to': ['com.plexapp.agents.thetvdb'], 'has_attribution': True, 'languages': ['en', 'cs', 'da', 'de', 'el', 'es', 'fi', 'fr', 'he', 'hr', 'hu', 'it', 'lv', 'lt', 'nl', 'no', 'pl', 'pt', 'ru', 'sk', 'sv', 'th', 'tr', 'vi', 'zh', 'ko'], 'persist_stored_files': True, 'version': 0, 'primary_provider': True, 'prefs': True, 'name': 'The Movie Database'}], 'com.plexapp.agents.movieposterdb': [{'media_types': ['Movie'], 'accepts_from': None, 'fallback_agent': None, 'contributes_to': ['com.plexapp.agents.imdb'], 'has_attribution': True, 'languages': ['xn'], 'persist_stored_files': True, 'version': 0, 'primary_provider': False, 'prefs': False, 'name': 'CineMaterial'}], 'com.plexapp.agents.localmedia': [{'media_types': ['Movie'], 'accepts_from': None, 'fallback_agent': None, 'contributes_to': ['com.plexapp.agents.imdb', 'com.plexapp.agents.none'], 'has_attribution': False, 'languages': ['xn'], 'persist_stored_files': False, 'version': 0, 'primary_provider': False, 'prefs': True, 'name': 'Local Media Assets (Movies)'}, {'media_types': ['TV_Show'], 'accepts_from': None, 'fallback_agent': None, 'contributes_to': ['com.plexapp.agents.thetvdb', 'com.plexapp.agents.none'], 'has_attribution': False, 'languages': ['xn'], 'persist_stored_files': False, 'version': 0, 'primary_provider': False, 'prefs': True, 'name': 'Local Media Assets (TV)'}, {'media_types': ['Artist'], 'accepts_from': None, 'fallback_agent': None, 'contributes_to': ['com.plexapp.agents.discogs', 'com.plexapp.agents.lastfm', 'com.plexapp.agents.plexmusic', 'com.plexapp.agents.none', 'tv.plex.agents.music', 'org.musicbrainz.agents.music'], 'has_attribution': False, 'languages': ['xn'], 'persist_stored_files': False, 'version': 0, 'primary_provider': False, 'prefs': True, 'name': 'Local Media Assets (Artists)'}, {'media_types': ['Artist'], 'accepts_from': None, 'fallback_agent': None, 'contributes_to': ['com.plexapp.agents.plexmusic'], 'has_attribution': False, 'languages': ['xn'], 'persist_stored_files': False, 'version': 2, 'primary_provider': False, 'prefs': True, 'name': 'Local Media Assets (Artists)'}, {'media_types': ['Album'], 'accepts_from': None, 'fallback_agent': None, 'contributes_to': ['com.plexapp.agents.discogs', 'com.plexapp.agents.lastfm', 'com.plexapp.agents.plexmusic', 'com.plexapp.agents.none', 'tv.plex.agents.music', 'org.musicbrainz.agents.music'], 'has_attribution': False, 'languages': ['xn'], 'persist_stored_files': False, 'version': 0, 'primary_provider': False, 'prefs': True, 'name': 'Local Media Assets (Albums)'}], 'com.plexapp.agents.plexthememusic': [{'media_types': ['TV_Show'], 'accepts_from': None, 'fallback_agent': None, 'contributes_to': ['com.plexapp.agents.thetvdb', 'com.plexapp.agents.thetvdbdvdorder', 'com.plexapp.agents.themoviedb'], 'has_attribution': False, 'languages': ['xn'], 'persist_stored_files': True, 'version': 0, 'primary_provider': False, 'prefs': False, 'name': 'Plex Theme Music'}]}
2024-08-28 09:07:22,209 (75aa9d435b38) :  DEBUG (flagservice:46) - Started the media flag service
2024-08-28 09:07:22,222 (75aa9d458b38) :  DEBUG (runtime:717) - Handling request GET /system/agents
2024-08-28 09:07:22,247 (75aa9cde7b38) :  INFO (datakit:131) - Saved the dictionary file
2024-08-28 09:07:22,297 (75aa9d412b38) :  DEBUG (runtime:1117) - Created a thread named 'ensure_agent_info_exists_inner'
2024-08-28 09:07:22,352 (75aa9d458b38) :  DEBUG (runtime:814) - Found route matching /system/agents
2024-08-28 09:07:22,374 (75aa9d458b38) :  DEBUG (runtime:1117) - Created a thread named 'ensure_agent_info_exists_inner'
2024-08-28 09:07:22,408 (75aa9d458b38) :  DEBUG (runtime:924) - Response: [200] MediaContainer, 8986 bytes
2024-08-28 09:07:24,873 (75aa9d458b38) :  DEBUG (runtime:717) - Handling request GET /system/messaging/clear_events/com.plexapp.agents.imdb
2024-08-28 09:07:24,978 (75aa9d458b38) :  DEBUG (runtime:814) - Found route matching /system/messaging/clear_events/com.plexapp.agents.imdb
2024-08-28 09:07:24,978 (75aa9d458b38) :  DEBUG (runtime:88) - Sending packed state data (99 bytes)
2024-08-28 09:07:24,979 (75aa9d458b38) :  DEBUG (runtime:924) - Response: [200] str, 0 bytes
2024-08-28 09:07:25,229 (75aa9d458b38) :  DEBUG (runtime:717) - Handling request GET /:/plugins/com.plexapp.system/resourceHashes
2024-08-28 09:07:25,420 (75aa9d458b38) :  DEBUG (runtime:814) - Found route matching /:/plugins/com.plexapp.system/resourceHashes
2024-08-28 09:07:25,421 (75aa9d458b38) :  DEBUG (networking:144) - Requesting 'http://resources-cdn.plexapp.com/hashes.json'
2024-08-28 09:07:27,314 (75aa9d435b38) :  INFO (datakit:131) - Saved the dictionary file
2024-08-28 09:07:28,978 (75aa9d435b38) :  DEBUG (runtime:717) - Handling request GET /system/notify/serverUpdated?host=127.0.0.1
2024-08-28 09:07:28,979 (75aa9d435b38) :  DEBUG (runtime:814) - Found route matching /system/notify/serverUpdated
2024-08-28 09:07:28,979 (75aa9d435b38) :  DEBUG (peerservice:386) - Handling server update notification (127.0.0.1)
2024-08-28 09:07:28,979 (75aa9d435b38) :  DEBUG (peerservice:189) - Updating servers (True/False True/True/True)
2024-08-28 09:07:28,979 (75aa9d435b38) :  DEBUG (peerservice:164) - Fetching the current list of servers
2024-08-28 09:07:28,979 (75aa9d435b38) :  DEBUG (networking:144) - Requesting 'http://127.0.0.1:32400/servers'
2024-08-28 09:07:28,989 (75aa9d435b38) :  DEBUG (peerservice:198) - Found 1 servers
2024-08-28 09:07:28,998 (75aa9d435b38) :  DEBUG (peerservice:214) - Ignoring cd95510fbd64eeeda957b9e67e063d5984744426 because host != 127.0.0.1 (10.10.10.33)
2024-08-28 09:07:29,003 (75aa9d435b38) :  DEBUG (runtime:924) - Response: [200] str, 0 bytes
2024-08-28 09:07:29,504 (75aa9d458b38) :  ERROR (networking:197) - Error opening URL 'http://resources-cdn.plexapp.com/hashes.json'
2024-08-28 09:07:29,504 (75aa9d458b38) :  CRITICAL (runtime:1299) - Exception getting hosted resource hashes (most recent call last):
  File "/usr/lib/plexmediaserver/Resources/Plug-ins-e5987a19d/Framework.bundle/Contents/Resources/Versions/2/Python/Framework/components/runtime.py", line 1291, in get_resource_hashes
    json = self._core.networking.http_request("http://resources-cdn.plexapp.com/hashes.json", timeout=5).content
  File "/usr/lib/plexmediaserver/Resources/Plug-ins-e5987a19d/Framework.bundle/Contents/Resources/Versions/2/Python/Framework/components/networking.py", line 243, in content
    return self.__str__()
  File "/usr/lib/plexmediaserver/Resources/Plug-ins-e5987a19d/Framework.bundle/Contents/Resources/Versions/2/Python/Framework/components/networking.py", line 221, in __str__
    self.load()
  File "/usr/lib/plexmediaserver/Resources/Plug-ins-e5987a19d/Framework.bundle/Contents/Resources/Versions/2/Python/Framework/components/networking.py", line 159, in load
    f = self._opener.open(req, timeout=self._timeout)
  File "/usr/lib/plexmediaserver/Resources/Python/python27.zip/urllib2.py", line 435, in open
    response = meth(req, response)
  File "/usr/lib/plexmediaserver/Resources/Python/python27.zip/urllib2.py", line 548, in http_response
    'http', request, response, code, msg, hdrs)
  File "/usr/lib/plexmediaserver/Resources/Python/python27.zip/urllib2.py", line 473, in error
    return self._call_chain(*args)
  File "/usr/lib/plexmediaserver/Resources/Python/python27.zip/urllib2.py", line 407, in _call_chain
    result = func(*args)
  File "/usr/lib/plexmediaserver/Resources/Python/python27.zip/urllib2.py", line 556, in http_error_default
    raise HTTPError(req.get_full_url(), code, msg, hdrs, fp)
HTTPError: HTTP Error 404: Not Found

2024-08-28 09:07:29,505 (75aa9d458b38) :  DEBUG (runtime:88) - Sending packed state data (99 bytes)
2024-08-28 09:07:29,505 (75aa9d458b38) :  DEBUG (runtime:924) - Response: [404] NoneType, 0 bytes
2024-08-28 09:07:29,525 (75aa9d458b38) :  DEBUG (runtime:717) - Handling request GET /:/plugins/com.plexapp.system/messaging/function/X0J1bmRsZVNlcnZpY2U6QWxsU2VydmljZXM_/Y2VyZWFsMQoxCmxpc3QKMApyMAo_/Y2VyZWFsMQoxCmRpY3QKMApyMAo_
2024-08-28 09:07:29,526 (75aa9d458b38) :  DEBUG (runtime:49) - Received packed state data (80 bytes)
2024-08-28 09:07:29,526 (75aa9d458b38) :  DEBUG (runtime:814) - Found route matching /:/plugins/com.plexapp.system/messaging/function/X0J1bmRsZVNlcnZpY2U6QWxsU2VydmljZXM_/Y2VyZWFsMQoxCmxpc3QKMApyMAo_/Y2VyZWFsMQoxCmRpY3QKMApyMAo_
2024-08-28 09:07:29,527 (75aa9d458b38) :  DEBUG (runtime:88) - Sending packed state data (99 bytes)
2024-08-28 09:07:29,527 (75aa9d458b38) :  DEBUG (runtime:924) - Response: [200] str, 516 bytes
2024-08-28 09:07:30,752 (75aa9d458b38) :  DEBUG (runtime:717) - Handling request GET /:/plugins/com.plexapp.system/messaging/function/X0FnZW50U2VydmljZTpVcGRhdGVJbmZv/Y2VyZWFsMQoxCmxpc3QKMApyMAo_/Y2VyZWFsMQo3CmRpY3QKbGlzdApkaWN0Cmxpc3QKbGlzdApsaXN0Cmxpc3QKMgpzMjMKY29tLnBsZXhhcHAuYWdlbnRzLmltZGJzMTAKaWRlbnRpZmllcnIxCnMxMAphZ2VudF9pbmZvMQpyMgoxMApyMwpzMTEKbWVkaWFfdHlwZXNyNApzMTIKYWNjZXB0c19mcm9tbnMxNApmYWxsYmFja19hZ2VudHI1CnMxNApjb250cmlidXRlc190b3I2CnM5Cmxhbmd1YWdlc2IxczIwCnBlcnNpc3Rfc3RvcmVkX2ZpbGVzaTAKczcKdmVyc2lvbmIxczE2CnByaW1hcnlfcHJvdmlkZXJiMXM1CnByZWZzczE5ClBsZXggTW92aWUgKExlZ2FjeSlzNApuYW1lMQpzNQpNb3ZpZTEKczI5CmNvbS5wbGV4YXBwLmFnZW50cy5sb2NhbG1lZGlhMQpzMjkKY29tLnBsZXhhcHAuYWdlbnRzLnRoZW1vdmllZGIzMwpzMgplbnMyCnN2czIKZnJzMgplc3MyCm5sczIKZGVzMgppdHMyCmRhczIKYXJzMgpjYXMyCnpoczIKY3NzMgpldHMyCmZpczIKZWxzMgpoZXMyCmhpczIKaHVzMgppZHMyCmphczIKa29zMgpsdnMyCm5vczIKZmFzMgpwbHMyCnB0czIKcm9zMgpydXMyCnNrczIKdGhzMgp0cnMyCnVrczIKdmlyMAo_
2024-08-28 09:07:30,753 (75aa9d458b38) :  DEBUG (runtime:49) - Received packed state data (80 bytes)
2024-08-28 09:07:30,754 (75aa9d458b38) :  DEBUG (runtime:814) - Found route matching /:/plugins/com.plexapp.system/messaging/function/X0FnZW50U2VydmljZTpVcGRhdGVJbmZv/Y2VyZWFsMQoxCmxpc3QKMApyMAo_/Y2VyZWFsMQo3CmRpY3QKbGlzdApkaWN0Cmxpc3QKbGlzdApsaXN0Cmxpc3QKMgpzMjMKY29tLnBsZXhhcHAuYWdlbnRzLmltZGJzMTAKaWRlbnRpZmllcnIxCnMxMAphZ2VudF9pbmZvMQpyMgoxMApyMwpzMTEKbWVkaWFfdHlwZXNyNApzMTIKYWNjZXB0c19mcm9tbnMxNApmYWxsYmFja19hZ2VudHI1CnMxNApjb250cmlidXRlc190b3I2CnM5Cmxhbmd1YWdlc2IxczIwCnBlcnNpc3Rfc3RvcmVkX2ZpbGVzaTAKczcKdmVyc2lvbmIxczE2CnByaW1hcnlfcHJvdmlkZXJiMXM1CnByZWZzczE5ClBsZXggTW92aWUgKExlZ2FjeSlzNApuYW1lMQpzNQpNb3ZpZTEKczI5CmNvbS5wbGV4YXBwLmFnZW50cy5sb2NhbG1lZGlhMQpzMjkKY29tLnBsZXhhcHAuYWdlbnRzLnRoZW1vdmllZGIzMwpzMgplbnMyCnN2czIKZnJzMgplc3MyCm5sczIKZGVzMgppdHMyCmRhczIKYXJzMgpjYXMyCnpoczIKY3NzMgpldHMyCmZpczIKZWxzMgpoZXMyCmhpczIKaHVzMgppZHMyCmphczIKa29zMgpsdnMyCm5vczIKZmFzMgpwbHMyCnB0czIKcm9zMgpydXMyCnNrczIKdGhzMgp0cnMyCnVrczIKdmlyMAo_
2024-08-28 09:07:30,754 (75aa9d458b38) :  INFO (agentservice:175) - Receiving agent info from com.plexapp.agents.imdb: [{'media_types': ['Movie'], 'primary_provider': True, 'fallback_agent': None, 'contributes_to': ['com.plexapp.agents.themoviedb'], 'languages': ['en', 'sv', 'fr', 'es', 'nl', 'de', 'it', 'da', 'ar', 'ca', 'zh', 'cs', 'et', 'fi', 'el', 'he', 'hi', 'hu', 'id', 'ja', 'ko', 'lv', 'no', 'fa', 'pl', 'pt', 'ro', 'ru', 'sk', 'th', 'tr', 'uk', 'vi'], 'persist_stored_files': True, 'version': 0, 'accepts_from': ['com.plexapp.agents.localmedia'], 'prefs': True, 'name': 'Plex Movie (Legacy)'}]
2024-08-28 09:07:30,887 (75aa9d458b38) :  DEBUG (runtime:88) - Sending packed state data (99 bytes)
2024-08-28 09:07:30,887 (75aa9d458b38) :  DEBUG (runtime:924) - Response: [200] str, 16 bytes
2024-08-28 09:07:35,767 (75aa9d435b38) :  INFO (datakit:131) - Saved the dictionary file
2024-08-28 09:09:22,114 (75aa9d3efb38) :  DEBUG (runtime:1156) - Starting timed thread named 'refresh_servers'
2024-08-28 09:09:22,114 (75aa9d3efb38) :  DEBUG (peerservice:164) - Fetching the current list of servers
2024-08-28 09:09:22,114 (75aa9d3efb38) :  DEBUG (networking:144) - Requesting 'http://127.0.0.1:32400/servers'
2024-08-28 09:09:22,117 (75aa9d3efb38) :  DEBUG (peerservice:171) - Refreshing local server
2024-08-28 09:09:22,117 (75aa9d3efb38) :  DEBUG (peerservice:189) - Updating servers (True/False True/True/True)
2024-08-28 09:09:22,117 (75aa9d3efb38) :  DEBUG (peerservice:198) - Found 1 servers
2024-08-28 09:09:22,117 (75aa9d3efb38) :  DEBUG (networking:144) - Requesting 'http://127.0.0.1:32400'
2024-08-28 09:09:22,119 (75aa9d3efb38) :  DEBUG (core:521) - Attribute 'machineIdentifier' set to 'cd95510fbd64eeeda957b9e67e063d5984744426'
2024-08-28 09:09:22,119 (75aa9d3efb38) :  DEBUG (peerservice:230) - Creating new server c392462b0071 (cd95510fbd64eeeda957b9e67e063d5984744426)
2024-08-28 09:09:22,120 (75aa9d3efb38) :  DEBUG (networking:144) - Requesting 'http://127.0.0.1:32400/library/sections'
2024-08-28 09:09:22,122 (75aa9d3efb38) :  DEBUG (networking:144) - Requesting 'http://127.0.0.1:32400/channels/all'
2024-08-28 09:09:22,124 (75aa9d451b38) :  DEBUG (peerservice:176) - Background-refreshing remote servers
2024-08-28 09:09:22,124 (75aa9d3efb38) :  DEBUG (runtime:1117) - Created a thread named 'background_refresh'
2024-08-28 09:09:22,124 (75aa9d451b38) :  DEBUG (peerservice:189) - Updating servers (True/False True/True/True)
2024-08-28 09:09:22,124 (75aa9d451b38) :  DEBUG (peerservice:198) - Found 1 servers
2024-08-28 09:09:22,125 (75aa9d451b38) :  DEBUG (peerservice:233) - Updating existing server c392462b0071 (cd95510fbd64eeeda957b9e67e063d5984744426)
2024-08-28 09:09:22,125 (75aa9d451b38) :  DEBUG (networking:144) - Requesting 'http://127.0.0.1:32400/library/sections'
2024-08-28 09:09:22,126 (75aa9d451b38) :  DEBUG (networking:144) - Requesting 'http://127.0.0.1:32400/channels/all'
