Aug 28, 2024 09:07:24.016 [0x7893f69a3b38] INFO - Plex Tuner Service v1.40.5.8897-e5987a19d - Docker Docker Container (LinuxServer.io) x86_64 - build: 
Aug 28, 2024 09:07:24.016 [0x7893f69a3b38] INFO - Linux version: 6.5.0-44-generic (#44-Ubuntu SMP PREEMPT_DYNAMIC Fri Jun  7 15:10:09 UTC 2024), language: en-US
Aug 28, 2024 09:07:24.016 [0x7893f69a3b38] INFO - Processor 11th Gen Intel(R) Core(TM) i7-1195G7 @ 2.90GHz
Aug 28, 2024 09:07:24.016 [0x7893f69a3b38] INFO - /usr/lib/plexmediaserver/Plex Tuner Service /usr/lib/plexmediaserver/Resources/Tuner/Private /usr/lib/plexmediaserver/Resources/Tuner/Shared 1.40.5.8897-e5987a19d 32600
Aug 28, 2024 09:07:24.013 [0x7893f8515808] INFO - [I] broker_t::start...
Aug 28, 2024 09:07:24.020 [0x7893f8515808] INFO - [I] device_manager_t::init.
Aug 28, 2024 09:07:24.020 [0x7893f8515808] INFO - [I] device_manager_t::init. Initialize provider manager
Aug 28, 2024 09:07:24.020 [0x7893f8515808] INFO - [I] device_manager_t::init. Initialize all device auxes
Aug 28, 2024 09:07:24.020 [0x7893f8515808] INFO - [I] dvb_device_factory_t::get_aux_list
Aug 28, 2024 09:07:24.020 [0x7893f8515808] INFO - [I] tvbutler_aux_t::init
Aug 28, 2024 09:07:24.023 [0x7893f8515808] INFO - [I] web_server_t::start. Starting web server on port 32600
Aug 28, 2024 09:07:26.343 [0x7893f6309b38] INFO - [I] web_service_t::process_device_discovery
Aug 28, 2024 09:07:26.343 [0x7893f6309b38] INFO - [I] device_reactor_t::get_device_list ()
Aug 28, 2024 09:07:28.352 [0x7893f6309b38] INFO - [I] SAT2IP - discover_satip_servers(): no servers found
Aug 28, 2024 09:07:28.778 [0x7893f6309b38] INFO - [I] v4l::DeviceGetList_impl. getting v4l device list
Aug 28, 2024 09:07:28.780 [0x7893f6309b38] INFO - [I] onetv_factory::DeviceGetListEx >>
Aug 28, 2024 09:07:28.780 [0x7893f6309b38] WARN - [W] onetv_factory::DeviceGetListEx. libusb_init returned an error -99
Aug 28, 2024 09:09:47.176 [0x7893f8515808] INFO - Received SIGINT: Interrupt from keyboard.
Aug 28, 2024 09:09:47.196 [0x7893f8515808] INFO - [I] device_manager_t::term
Aug 28, 2024 09:09:47.196 [0x7893f8515808] INFO - [I] device_manager_t::term. Stop all devices
Aug 28, 2024 09:09:47.196 [0x7893f8515808] INFO - [I] device_manager_t::term. Shut down all device auxes
Aug 28, 2024 09:09:47.196 [0x7893f8515808] INFO - [I] tvbutler_aux_t::term
Aug 28, 2024 09:09:47.197 [0x7893f8515808] INFO - [I] web_server_t::stop. Web server is stopped
Aug 28, 2024 09:09:47.197 [0x7893f8515808] INFO - [I] device_manager_t::term
Aug 28, 2024 09:09:47.197 [0x7893f8515808] INFO - [I] device_manager_t::term. Stop all devices
Aug 28, 2024 09:09:47.197 [0x7893f8515808] INFO - [I] device_manager_t::term. Shut down all device auxes
Aug 28, 2024 09:09:47.198 [0x7893f8515808] INFO - [I] broker_t::shutdown. Shutdown is completed.
